<?xml version="1.0" encoding="UTF-8" ?>
<testsuite tests="8" failures="0" name="pl.dp.bz.poid.fouriertest.FourierProcTest" time="0.342" errors="0" skipped="0">
  <properties>
[...]
</properties>
  <testcase classname="pl.dp.bz.poid.fouriertest.FourierProcTest" name="shouldReturnFalseWhenImageOusideLeft" time="0.249"/>
  <testcase classname="pl.dp.bz.poid.fouriertest.FourierProcTest" name="shouldReturnTrueWhenImageIsInsideBorders" time="0"/>
  <testcase classname="pl.dp.bz.poid.fouriertest.FourierProcTest" name="testTableTwoConversion" time="0.031"/>
  <testcase classname="pl.dp.bz.poid.fouriertest.FourierProcTest" name="shouldReturnFalseWhenImageOusideTop" time="0.016"/>
  <testcase classname="pl.dp.bz.poid.fouriertest.FourierProcTest" name="shouldReturnFalseWhenImageOusideRight" time="0"/>
  <testcase classname="pl.dp.bz.poid.fouriertest.FourierProcTest" name="testTableOneConversion" time="0.015"/>
  <testcase classname="pl.dp.bz.poid.fouriertest.FourierProcTest" name="shouldReturnFalseWhenImageOusideBottom" time="0.016"/>
  <testcase classname="pl.dp.bz.poid.fouriertest.FourierProcTest" name="shouldReturnFalseWhenImageOusideLeftCorner" time="0.015"/>
</testsuite>